12.09:18.55.14 INFO	ru.sfedu.accounting.XMLReader:38 - java.io.FileNotFoundException: /Users/dmitrijkostukov/Library/CloudStorage/OneDrive-ЮжныйФедеральныйУниверситет/архитектура/Accounting/../../main/java/resources/xml_example.xml (No such file or directory)
12.09:18.55.51 INFO	ru.sfedu.accounting.XMLReader:38 - java.io.FileNotFoundException: /Users/dmitrijkostukov/Library/CloudStorage/OneDrive-ЮжныйФедеральныйУниверситет/архитектура/Accounting/src/main/java/resources/xml_example (No such file or directory)
12.09:19.00.14 INFO	ru.sfedu.accounting.XMLReader:61 - org.xml.sax.SAXParseException; systemId: file:/Users/dmitrijkostukov/Library/CloudStorage/OneDrive-%D0%AE%D0%B6%D0%BD%D1%8B%D0%B9%D0%A4%D0%B5%D0%B4%D0%B5%D1%80%D0%B0%D0%BB%D1%8C%D0%BD%D1%8B%D0%B9%D0%A3%D0%BD%D0%B8%D0%B2%D0%B5%D1%80%D1%81%D0%B8%D1%82%D0%B5%D1%82/%D0%B0%D1%80%D1%85%D0%B8%D1%82%D0%B5%D0%BA%D1%82%D1%83%D1%80%D0%B0/Accounting/src/main/resources/xml_example.xml; lineNumber: 6; columnNumber: 2; The markup in the document following the root element must be well-formed.
12.09:19.03.31 INFO	ru.sfedu.accounting.XMLReader:61 - java.lang.NumberFormatException: For input string: "
        06
        07
        08
    "
12.09:19.04.45 INFO	ru.sfedu.accounting.XMLReader:61 - java.lang.NumberFormatException: Cannot parse null string
12.09:19.06.53 INFO	ru.sfedu.accounting.XMLReader:63 - java.lang.NumberFormatException: For input string: "
        "
12.09:19.07.13 INFO	ru.sfedu.accounting.XMLReader:63 - java.lang.NumberFormatException: For input string: "
        "
12.09:19.07.36 INFO	ru.sfedu.accounting.XMLReader:63 - java.lang.NumberFormatException: For input string: "
        "
12.09:19.09.43 INFO	ru.sfedu.accounting.XMLReader:64 - java.lang.NumberFormatException: For input string: "
        "
12.09:19.16.55 INFO	ru.sfedu.accounting.XMLReader:64 - java.lang.NumberFormatException: For input string: "
        "
12.13:13.48.08 INFO	ru.sfedu.accounting.XMLReader:64 - java.lang.NumberFormatException: For input string: "
        "
12.13:13.48.27 INFO	ru.sfedu.accounting.XMLReader:64 - java.lang.NumberFormatException: For input string: "
        "
12.14:13.05.54 INFO	ru.sfedu.accounting.XMLReader:34 - java.lang.IllegalArgumentException: InputStream cannot be null
12.14:13.05.54 INFO	ru.sfedu.accounting.PropertiesReader:28 - java.io.IOException: src/main/resources/properties_example.properties
12.20:11.38.20 INFO	ru.sfedu.accounting.Models.HistoryContent:89 - java.lang.NoSuchMethodException: MongoAccessTest$Example.getName()
12.20:11.38.20 INFO	ru.sfedu.accounting.Models.HistoryContent:89 - java.lang.NoSuchMethodException: MongoAccessTest$Example.getSurname()
12.20:11.39.29 INFO	ru.sfedu.accounting.Models.HistoryContent:89 - java.lang.NoSuchMethodException: MongoAccessTest$Example.getName()
12.20:11.39.29 INFO	ru.sfedu.accounting.Models.HistoryContent:89 - java.lang.NoSuchMethodException: MongoAccessTest$Example.getSurname()
12.20:11.45.04 INFO	ru.sfedu.accounting.Models.HistoryContent:89 - java.lang.NoSuchMethodException: MongoAccessTest$Example.getName()
12.20:11.45.04 INFO	ru.sfedu.accounting.Models.HistoryContent:89 - java.lang.NoSuchMethodException: MongoAccessTest$Example.getSurname()
12.20:11.46.45 INFO	ru.sfedu.accounting.Models.HistoryContent:89 - java.lang.IllegalAccessException: class ru.sfedu.accounting.Models.HistoryContent cannot access a member of class MongoAccessTest$Example with modifiers "public"
12.20:11.46.45 INFO	ru.sfedu.accounting.Models.HistoryContent:89 - java.lang.IllegalAccessException: class ru.sfedu.accounting.Models.HistoryContent cannot access a member of class MongoAccessTest$Example with modifiers "public"
12.20:11.47.33 INFO	ru.sfedu.accounting.Models.HistoryContent:89 - java.lang.IllegalArgumentException: object of type java.lang.Class is not an instance of MongoAccessTest$Example
12.20:11.47.33 INFO	ru.sfedu.accounting.Models.HistoryContent:89 - java.lang.IllegalArgumentException: object of type java.lang.Class is not an instance of MongoAccessTest$Example
12.20:11.49.27 INFO	ru.sfedu.accounting.Models.HistoryContent:89 - java.lang.IllegalArgumentException: object of type java.lang.Class is not an instance of Example
12.20:11.49.27 INFO	ru.sfedu.accounting.Models.HistoryContent:89 - java.lang.IllegalArgumentException: object of type java.lang.Class is not an instance of Example
12.20:11.50.24 INFO	ru.sfedu.accounting.mongoAPI.MongoAccess:33 - mongodb://localhost:27017
12.20:11.50.24 INFO	ru.sfedu.accounting.Models.HistoryContent:60 - ru.sfedu.accounting.Models.HistoryContent@379614be
12.20:11.50.24 INFO	ru.sfedu.accounting.Models.HistoryContent:60 - ru.sfedu.accounting.Models.HistoryContent@658c5a19
12.20:11.50.24 INFO	ru.sfedu.accounting.Models.HistoryContent:60 - ru.sfedu.accounting.Models.HistoryContent@78a773fd
12.20:13.20.11 INFO	ru.sfedu.accounting.mongoAPI.MongoAccess:33 - mongodb://localhost:27017
12.20:13.23.09 INFO	ru.sfedu.accounting.mongoAPI.MongoAccess:33 - mongodb://localhost:27017
12.21:18.19.10 INFO	ru.sfedu.accounting.mongoAPI.MongoAccess:33 - mongodb://localhost:27017
12.21:18.19.11 INFO	ru.sfedu.accounting.Models.HistoryContent:60 - ru.sfedu.accounting.Models.HistoryContent@1acaf3d
12.21:18.19.11 INFO	ru.sfedu.accounting.Models.HistoryContent:60 - ru.sfedu.accounting.Models.HistoryContent@389c4eb1
12.21:18.19.11 INFO	ru.sfedu.accounting.Models.HistoryContent:60 - ru.sfedu.accounting.Models.HistoryContent@6d7fc27
12.21:18.21.46 INFO	ru.sfedu.accounting.mongoAPI.MongoAccess:33 - mongodb://localhost:27017
12.21:18.21.46 INFO	ru.sfedu.accounting.Models.HistoryContent:60 - ru.sfedu.accounting.Models.HistoryContent@4f74980d
12.21:18.23.19 INFO	ru.sfedu.accounting.mongoAPI.MongoAccess:33 - mongodb://localhost:27017
12.21:18.23.19 INFO	ru.sfedu.accounting.Models.HistoryContent:60 - ru.sfedu.accounting.Models.HistoryContent@2a3888c1
12.21:18.23.19 INFO	ru.sfedu.accounting.mongoAPI.MongoAccess:33 - mongodb://localhost:27017
12.21:18.23.19 INFO	ru.sfedu.accounting.Models.HistoryContent:60 - ru.sfedu.accounting.Models.HistoryContent@b83a9be
12.21:18.23.19 INFO	ru.sfedu.accounting.mongoAPI.MongoAccess:33 - mongodb://localhost:27017
12.21:18.23.19 INFO	ru.sfedu.accounting.Models.HistoryContent:60 - ru.sfedu.accounting.Models.HistoryContent@78aa1f72
12.21:18.23.19 INFO	ru.sfedu.accounting.mongoAPI.MongoAccess:33 - mongodb://localhost:27017
12.22:11.37.01 INFO	ru.sfedu.accounting.mongoAPI.MongoAccess:32 - mongodb://localhost:27017
12.22:11.37.01 INFO	ru.sfedu.accounting.Models.HistoryContent:60 - ru.sfedu.accounting.Models.HistoryContent@3ddc6915
12.22:11.37.01 INFO	ru.sfedu.accounting.mongoAPI.MongoAccess:32 - mongodb://localhost:27017
12.22:11.37.01 INFO	ru.sfedu.accounting.Models.HistoryContent:60 - ru.sfedu.accounting.Models.HistoryContent@1b8a29df
12.22:11.37.01 INFO	ru.sfedu.accounting.mongoAPI.MongoAccess:32 - mongodb://localhost:27017
12.22:11.37.01 INFO	ru.sfedu.accounting.Models.HistoryContent:60 - ru.sfedu.accounting.Models.HistoryContent@6fa34d52
12.22:11.37.01 INFO	ru.sfedu.accounting.mongoAPI.MongoAccess:32 - mongodb://localhost:27017
12.22:12.45.19 INFO	ru.sfedu.accounting.FileDB.ICreate:21 - java.io.IOException: table
12.22:12.46.14 INFO	ru.sfedu.accounting.FileDB.ICreate:21 - java.io.IOException: table
12.22:16.23.48 INFO	ru.sfedu.accounting.FileDB.IWrite:35 - количество атрибутов не совпадает
12.22:16.24.05 INFO	ru.sfedu.accounting.FileDB.IWrite:35 - количество атрибутов не совпадает
12.22:16.25.16 INFO	ru.sfedu.accounting.FileDB.IWrite:35 - количество атрибутов не совпадает
12.22:17.02.36 INFO	ru.sfedu.accounting.FileDB.ICreate:20 - java.io.IOException: table
12.22:17.03.18 INFO	ru.sfedu.accounting.FileDB.ICreate:20 - java.io.IOException: table
12.22:17.03.30 INFO	ru.sfedu.accounting.FileDB.TableChecker:18 - tableis not exist
12.22:17.03.30 INFO	ru.sfedu.accounting.FileDB.IRead:30 - java.io.IOException: table
12.22:17.04.09 INFO	ru.sfedu.accounting.FileDB.ICreate:20 - java.io.IOException: table
12.22:17.04.22 INFO	ru.sfedu.accounting.FileDB.ICreate:20 - java.io.IOException: table
12.22:17.06.51 INFO	ru.sfedu.accounting.FileDB.ICreate:20 - java.io.IOException: table
12.22:17.12.26 INFO	ru.sfedu.accounting.FileDB.ICreate:20 - java.io.IOException: table
12.22:17.12.38 INFO	ru.sfedu.accounting.FileDB.ICreate:20 - java.io.IOException: table
12.22:17.12.43 INFO	ru.sfedu.accounting.FileDB.ICreate:20 - java.io.IOException: table
12.27:10.21.10 INFO	ru.sfedu.accounting.PostgresAPI.ICreate:24 - org.postgresql.util.PSQLException: ERROR: syntax error at or near "exist"
  Позиция: 21
12.27:10.21.25 INFO	ru.sfedu.accounting.PostgresAPI.ICreate:24 - org.postgresql.util.PSQLException: Запрос не вернул результатов.
12.27:10.23.58 INFO	ru.sfedu.accounting.PostgresAPI.ICreate:20 - create table if not exists initTest (name text,id integer)
12.27:10.23.59 INFO	ru.sfedu.accounting.PostgresAPI.ICreate:25 - org.postgresql.util.PSQLException: Запрос не вернул результатов.
12.27:10.25.21 INFO	ru.sfedu.accounting.PostgresAPI.ICreate:20 - create table if not exists initTest (name text,id integer)
12.27:10.25.26 INFO	ru.sfedu.accounting.PostgresAPI.ICreate:20 - create table if not exists initTest (name text,id integer)
12.27:11.28.46 INFO	ru.sfedu.accounting.PostgresAPI.ICreate:50 - org.postgresql.util.PSQLException: ERROR: syntax error at or near "user"
  Позиция: 28
12.27:11.33.32 INFO	ru.sfedu.accounting.PostgresAPI.ICreate:57 - org.postgresql.util.PSQLException: ERROR: syntax error at or near "user"
  Позиция: 32
12.27:11.34.18 INFO	ru.sfedu.accounting.PostgresAPI.ICreate:57 - org.postgresql.util.PSQLException: ERROR: syntax error at or near "user"
  Позиция: 31
12.27:11.36.03 INFO	ru.sfedu.accounting.PostgresAPI.ICreate:57 - org.postgresql.util.PSQLException: ERROR: syntax error at or near "ON"
  Позиция: 253
01.06:15.11.35 INFO	ru.sfedu.accounting.PostgresAPI.ICreate:63 - org.postgresql.util.PSQLException: ERROR: trigger "update_users_updated" for relation "users" already exists
01.06:15.12.01 INFO	ru.sfedu.accounting.PostgresAPI.ICreate:63 - org.postgresql.util.PSQLException: ERROR: trigger "update_users_updated" for relation "users" already exists
01.08:11.44.03 INFO	ru.sfedu.accounting.PostgresAPI.PostgresCRUD:30 - java.lang.IllegalArgumentException: Can not get java.lang.String field ru.sfedu.accounting.Models.User.INN on java.lang.Class
01.08:11.52.01 INFO	ru.sfedu.accounting.PostgresAPI.PostgresCRUD:41 - java.lang.NullPointerException: Cannot invoke "Object.toString()" because "valObject" is null
01.08:11.52.01 INFO	ru.sfedu.accounting.PostgresAPI.PostgresCRUD:41 - java.lang.NullPointerException: Cannot invoke "Object.toString()" because "valObject" is null
01.08:11.52.01 INFO	ru.sfedu.accounting.PostgresAPI.PostgresCRUD:41 - java.lang.NoSuchMethodException: ru.sfedu.accounting.Models.User.getUserCreate()
01.08:13.56.49 INFO	ru.sfedu.accounting.Models.Model:33 - java.lang.NullPointerException: Cannot invoke "Object.toString()" because "valObject" is null
01.08:13.56.49 INFO	ru.sfedu.accounting.Models.Model:33 - java.lang.NullPointerException: Cannot invoke "Object.toString()" because "valObject" is null
01.08:13.56.49 INFO	ru.sfedu.accounting.Models.Model:33 - java.lang.NoSuchMethodException: ru.sfedu.accounting.Models.User.getUserCreate()
01.08:13.57.08 INFO	ru.sfedu.accounting.Models.Model:33 - java.lang.NullPointerException: Cannot invoke "Object.toString()" because "valObject" is null
01.08:13.57.08 INFO	ru.sfedu.accounting.Models.Model:33 - java.lang.NullPointerException: Cannot invoke "Object.toString()" because "valObject" is null
01.08:13.57.08 INFO	ru.sfedu.accounting.Models.Model:33 - java.lang.NoSuchMethodException: ru.sfedu.accounting.Models.User.getUserCreate()
01.08:14.06.26 INFO	ru.sfedu.accounting.Models.Model:33 - java.lang.NullPointerException: Cannot invoke "Object.toString()" because "valObject" is null
01.08:14.06.26 INFO	ru.sfedu.accounting.Models.Model:33 - java.lang.NullPointerException: Cannot invoke "Object.toString()" because "valObject" is null
01.08:14.06.26 INFO	ru.sfedu.accounting.Models.Model:33 - java.lang.NoSuchMethodException: ru.sfedu.accounting.Models.User.getUserCreate()
01.08:14.06.26 INFO	ru.sfedu.accounting.Models.Model:33 - java.lang.NullPointerException: Cannot invoke "Object.toString()" because "valObject" is null
01.08:14.06.26 INFO	ru.sfedu.accounting.Models.Model:33 - java.lang.NullPointerException: Cannot invoke "Object.toString()" because "valObject" is null
01.08:14.06.26 INFO	ru.sfedu.accounting.Models.Model:33 - java.lang.NoSuchMethodException: ru.sfedu.accounting.Models.User.getUserCreate()
01.08:14.06.30 INFO	ru.sfedu.accounting.PostgresAPI.ICreate:106 - org.postgresql.util.PSQLException: ERROR: syntax error at or near "User"
  Позиция: 13
01.08:14.06.46 INFO	ru.sfedu.accounting.Models.Model:33 - java.lang.NullPointerException: Cannot invoke "Object.toString()" because "valObject" is null
01.08:14.06.46 INFO	ru.sfedu.accounting.Models.Model:33 - java.lang.NullPointerException: Cannot invoke "Object.toString()" because "valObject" is null
01.08:14.06.46 INFO	ru.sfedu.accounting.Models.Model:33 - java.lang.NoSuchMethodException: ru.sfedu.accounting.Models.User.getUserCreate()
01.08:14.06.52 INFO	ru.sfedu.accounting.Models.Model:33 - java.lang.NullPointerException: Cannot invoke "Object.toString()" because "valObject" is null
01.08:14.06.52 INFO	ru.sfedu.accounting.Models.Model:33 - java.lang.NullPointerException: Cannot invoke "Object.toString()" because "valObject" is null
01.08:14.06.52 INFO	ru.sfedu.accounting.Models.Model:33 - java.lang.NoSuchMethodException: ru.sfedu.accounting.Models.User.getUserCreate()
01.08:14.11.16 INFO	ru.sfedu.accounting.Models.Model:33 - java.lang.NullPointerException: Cannot invoke "Object.toString()" because "valObject" is null
01.08:14.11.16 INFO	ru.sfedu.accounting.Models.Model:33 - java.lang.NullPointerException: Cannot invoke "Object.toString()" because "valObject" is null
01.08:14.11.16 INFO	ru.sfedu.accounting.Models.Model:33 - java.lang.NoSuchMethodException: ru.sfedu.accounting.Models.User.getUserCreate()
01.08:14.11.25 INFO	ru.sfedu.accounting.Models.Model:33 - java.lang.NullPointerException: Cannot invoke "Object.toString()" because "valObject" is null
01.08:14.11.25 INFO	ru.sfedu.accounting.Models.Model:33 - java.lang.NullPointerException: Cannot invoke "Object.toString()" because "valObject" is null
01.08:14.11.25 INFO	ru.sfedu.accounting.Models.Model:33 - java.lang.NoSuchMethodException: ru.sfedu.accounting.Models.User.getUserCreate()
01.08:14.15.31 INFO	ru.sfedu.accounting.Models.Model:35 - java.lang.NullPointerException: Cannot invoke "Object.toString()" because "valObject" is null
01.08:14.15.31 INFO	ru.sfedu.accounting.Models.Model:35 - java.lang.NullPointerException: Cannot invoke "Object.toString()" because "valObject" is null
01.08:14.15.31 INFO	ru.sfedu.accounting.Models.Model:35 - java.lang.NoSuchMethodException: ru.sfedu.accounting.Models.User.getUserCreate()
01.08:14.15.38 INFO	ru.sfedu.accounting.Models.Model:35 - java.lang.NullPointerException: Cannot invoke "Object.toString()" because "valObject" is null
01.08:14.15.38 INFO	ru.sfedu.accounting.Models.Model:35 - java.lang.NullPointerException: Cannot invoke "Object.toString()" because "valObject" is null
01.08:14.15.38 INFO	ru.sfedu.accounting.Models.Model:35 - java.lang.NoSuchMethodException: ru.sfedu.accounting.Models.User.getUserCreate()
01.08:14.17.49 INFO	ru.sfedu.accounting.PostgresAPI.ICreate:106 - org.postgresql.util.PSQLException: ERROR: syntax error at or near "User"
  Позиция: 13
01.08:14.18.00 INFO	ru.sfedu.accounting.Models.Model:35 - java.lang.NullPointerException: Cannot invoke "Object.toString()" because "valObject" is null
01.08:14.18.00 INFO	ru.sfedu.accounting.Models.Model:35 - java.lang.NullPointerException: Cannot invoke "Object.toString()" because "valObject" is null
01.08:14.18.00 INFO	ru.sfedu.accounting.Models.Model:35 - java.lang.NoSuchMethodException: ru.sfedu.accounting.Models.User.getUserCreate()
01.08:14.18.00 INFO	ru.sfedu.accounting.Models.Model:35 - java.lang.NullPointerException: Cannot invoke "Object.toString()" because "valObject" is null
01.08:14.18.00 INFO	ru.sfedu.accounting.Models.Model:35 - java.lang.NullPointerException: Cannot invoke "Object.toString()" because "valObject" is null
01.08:14.18.00 INFO	ru.sfedu.accounting.Models.Model:35 - java.lang.NoSuchMethodException: ru.sfedu.accounting.Models.User.getUserCreate()
01.08:14.18.01 INFO	ru.sfedu.accounting.PostgresAPI.ICreate:106 - org.postgresql.util.PSQLException: Запрос не вернул результатов.
01.08:14.18.52 INFO	ru.sfedu.accounting.PostgresAPI.ICreate:69 - org.postgresql.util.PSQLException: ERROR: trigger "update_users_updated" for relation "users" already exists
01.08:14.28.12 INFO	ru.sfedu.accounting.Models.Model:35 - java.lang.NullPointerException: Cannot invoke "Object.toString()" because "valObject" is null
01.08:14.28.12 INFO	ru.sfedu.accounting.Models.Model:35 - java.lang.NullPointerException: Cannot invoke "Object.toString()" because "valObject" is null
01.08:14.28.12 INFO	ru.sfedu.accounting.Models.Model:35 - java.lang.NoSuchMethodException: ru.sfedu.accounting.Models.User.getUserCreate()
01.08:14.28.12 INFO	ru.sfedu.accounting.Models.Model:35 - java.lang.NullPointerException: Cannot invoke "Object.toString()" because "valObject" is null
01.08:14.28.12 INFO	ru.sfedu.accounting.Models.Model:35 - java.lang.NullPointerException: Cannot invoke "Object.toString()" because "valObject" is null
01.08:14.28.12 INFO	ru.sfedu.accounting.Models.Model:35 - java.lang.NoSuchMethodException: ru.sfedu.accounting.Models.User.getUserCreate()
01.08:14.28.13 INFO	ru.sfedu.accounting.PostgresAPI.ICreate:106 - org.postgresql.util.PSQLException: ERROR: duplicate key value violates unique constraint "users_pkey"
  Подробности: Key (inn)=(123456789012) already exists.
