2024-12-04 21:55:31 DEBUG AccountingClient - AccountingClient: starting application...
2024-12-04 21:55:31 INFO  AccountingClient - Launching the application...
2024-12-04 21:55:31 INFO  AccountingClient - Operating System: Mac OS X 15.1.1
2024-12-04 21:55:31 INFO  AccountingClient - JRE: 21.0.2
2024-12-04 21:55:31 INFO  AccountingClient - Java Launched From: /Users/dmitrijkostukov/Library/Java/JavaVirtualMachines/openjdk-21.0.2/Contents/Home
2024-12-04 21:55:31 INFO  AccountingClient - Class Path: /Applications/IntelliJ IDEA CE.app/Contents/lib/idea_rt.jar:/Applications/IntelliJ IDEA CE.app/Contents/plugins/junit/lib/junit5-rt.jar:/Applications/IntelliJ IDEA CE.app/Contents/plugins/junit/lib/junit-rt.jar:/Users/dmitrijkostukov/Library/CloudStorage/OneDrive-ЮжныйФедеральныйУниверситет/архитектура/Accounting/target/test-classes:/Users/dmitrijkostukov/Library/CloudStorage/OneDrive-ЮжныйФедеральныйУниверситет/архитектура/Accounting/target/classes:/Users/dmitrijkostukov/.m2/repository/junit/junit/4.13.2/junit-4.13.2.jar:/Users/dmitrijkostukov/.m2/repository/org/hamcrest/hamcrest-core/1.3/hamcrest-core-1.3.jar:/Users/dmitrijkostukov/.m2/repository/log4j/log4j/1.2.12/log4j-1.2.12.jar
2024-12-04 21:55:31 INFO  AccountingClient - Library Path: /Users/dmitrijkostukov/Library/Java/Extensions:/Library/Java/Extensions:/Network/Library/Java/Extensions:/System/Library/Java/Extensions:/usr/lib/java:.
2024-12-04 21:55:31 INFO  AccountingClient - User Home Directory: /Users/dmitrijkostukov
2024-12-04 21:55:31 INFO  AccountingClient - User Working Directory: /Users/dmitrijkostukov/Library/CloudStorage/OneDrive-ЮжныйФедеральныйУниверситет/архитектура/Accounting
2024-12-04 21:55:31 INFO  AccountingClient - Test INFO logging.
2024-12-04 21:56:37 DEBUG AccountingClient - AccountingClient: starting application...
2024-12-04 21:56:37 INFO  AccountingClient - Launching the application...
2024-12-04 21:56:37 INFO  AccountingClient - Operating System: Mac OS X 15.1.1
2024-12-04 21:56:37 INFO  AccountingClient - JRE: 21.0.2
2024-12-04 21:56:37 INFO  AccountingClient - Java Launched From: /Users/dmitrijkostukov/Library/Java/JavaVirtualMachines/openjdk-21.0.2/Contents/Home
2024-12-04 21:56:37 INFO  AccountingClient - Class Path: /Applications/IntelliJ IDEA CE.app/Contents/lib/idea_rt.jar:/Applications/IntelliJ IDEA CE.app/Contents/plugins/junit/lib/junit5-rt.jar:/Applications/IntelliJ IDEA CE.app/Contents/plugins/junit/lib/junit-rt.jar:/Users/dmitrijkostukov/Library/CloudStorage/OneDrive-ЮжныйФедеральныйУниверситет/архитектура/Accounting/target/test-classes:/Users/dmitrijkostukov/Library/CloudStorage/OneDrive-ЮжныйФедеральныйУниверситет/архитектура/Accounting/target/classes:/Users/dmitrijkostukov/.m2/repository/junit/junit/4.13.2/junit-4.13.2.jar:/Users/dmitrijkostukov/.m2/repository/org/hamcrest/hamcrest-core/1.3/hamcrest-core-1.3.jar:/Users/dmitrijkostukov/.m2/repository/log4j/log4j/1.2.12/log4j-1.2.12.jar
2024-12-04 21:56:37 INFO  AccountingClient - Library Path: /Users/dmitrijkostukov/Library/Java/Extensions:/Library/Java/Extensions:/Network/Library/Java/Extensions:/System/Library/Java/Extensions:/usr/lib/java:.
2024-12-04 21:56:37 INFO  AccountingClient - User Home Directory: /Users/dmitrijkostukov
2024-12-04 21:56:37 INFO  AccountingClient - User Working Directory: /Users/dmitrijkostukov/Library/CloudStorage/OneDrive-ЮжныйФедеральныйУниверситет/архитектура/Accounting
2024-12-04 21:56:37 INFO  AccountingClient - Test INFO logging.
